{"contracts/Escrow.sol":{"l":{"35":21,"36":21,"37":21,"38":21,"42":2,"46":0,"50":18,"54":9,"55":9,"59":1,"63":1,"67":1,"71":1,"75":1,"79":1,"83":0,"87":0,"103":12,"104":12,"105":9,"106":9,"107":9,"112":9,"113":8,"115":8,"116":8,"117":8,"118":8,"120":8,"121":8,"122":8,"123":8,"127":2,"128":1,"129":1,"130":1,"131":1,"135":2,"136":2,"137":0,"138":0,"141":0,"142":0,"143":0,"145":0,"149":3,"150":3,"151":2,"156":2,"157":2,"158":2,"168":5,"169":5,"170":4,"171":4,"172":3,"173":3,"174":3,"175":3,"176":3,"178":3,"179":3,"180":3,"181":3,"182":3,"184":3,"185":0,"188":3,"199":0,"200":0,"201":0,"202":0,"203":0,"204":0,"206":0,"207":0,"209":0,"210":0,"211":0,"212":0,"213":0,"215":0,"216":0,"217":0,"219":0,"220":0,"221":0,"223":0,"224":0,"227":0,"231":1,"232":1,"236":0,"237":0,"238":0,"239":0,"240":0,"241":0,"242":0,"243":0,"244":0,"246":0,"250":3,"251":3,"252":3,"253":3,"254":3,"255":3,"256":3,"257":3},"path":"/Users/Jani/Desktop/hmt-escrow/contracts/Escrow.sol","s":{"1":21,"2":21,"3":21,"4":21,"5":2,"6":0,"7":18,"8":9,"9":9,"10":1,"11":1,"12":1,"13":1,"14":1,"15":1,"16":0,"17":0,"18":12,"19":12,"20":9,"21":9,"22":9,"23":9,"24":8,"25":8,"26":8,"27":8,"28":8,"29":8,"30":8,"31":8,"32":8,"33":2,"34":1,"35":1,"36":1,"37":1,"38":2,"39":2,"40":0,"41":0,"42":0,"43":0,"44":0,"45":0,"46":3,"47":3,"48":2,"49":2,"50":2,"51":2,"52":5,"53":5,"54":4,"55":4,"56":3,"57":3,"58":3,"59":3,"60":3,"61":3,"62":3,"63":3,"64":3,"65":3,"66":3,"67":0,"68":3,"69":0,"70":0,"71":0,"72":0,"73":0,"74":0,"75":0,"76":0,"77":0,"78":0,"79":0,"80":0,"81":0,"82":0,"83":0,"84":0,"85":0,"86":0,"87":0,"88":0,"89":0,"90":1,"91":1,"92":0,"93":0,"94":0,"95":0,"96":0,"97":0,"98":0,"99":0,"100":0,"101":3,"102":3,"103":3,"104":3,"105":3},"b":{"1":[9,0],"2":[12,0],"3":[9,3],"4":[9,0],"5":[9,0],"6":[9,0],"7":[8,1],"8":[8,0],"9":[1,1],"10":[1,0],"11":[1,0],"12":[1,0],"13":[2,0],"14":[0,2],"15":[0,0],"16":[0,0],"17":[3,0],"18":[2,1],"19":[2,0],"20":[5,0],"21":[4,1],"22":[3,1],"23":[3,0],"24":[3,0],"25":[3,0],"26":[3,0],"27":[3,0],"28":[0,3],"29":[0,0],"30":[0,0],"31":[0,0],"32":[0,0],"33":[0,0],"34":[0,0],"35":[0,0],"36":[0,0],"37":[0,0]},"f":{"1":21,"2":2,"3":0,"4":18,"5":9,"6":1,"7":1,"8":1,"9":1,"10":1,"11":1,"12":0,"13":0,"14":12,"15":2,"16":2,"17":3,"18":5,"19":0,"20":1,"21":0,"22":3},"fnMap":{"1":{"name":null,"line":34,"loc":{"start":{"line":34,"column":4},"end":{"line":34,"column":73}}},"2":{"name":"getStatus","line":41,"loc":{"start":{"line":41,"column":4},"end":{"line":41,"column":59}}},"3":{"name":"getTokenAddress","line":45,"loc":{"start":{"line":45,"column":4},"end":{"line":45,"column":58}}},"4":{"name":"getBalance","line":49,"loc":{"start":{"line":49,"column":4},"end":{"line":49,"column":53}}},"5":{"name":"getAddressBalance","line":53,"loc":{"start":{"line":53,"column":4},"end":{"line":53,"column":76}}},"6":{"name":"getReputationOracle","line":58,"loc":{"start":{"line":58,"column":4},"end":{"line":58,"column":62}}},"7":{"name":"getRecordingOracle","line":62,"loc":{"start":{"line":62,"column":4},"end":{"line":62,"column":61}}},"8":{"name":"getHash","line":66,"loc":{"start":{"line":66,"column":4},"end":{"line":66,"column":49}}},"9":{"name":"getUrl","line":70,"loc":{"start":{"line":70,"column":4},"end":{"line":70,"column":48}}},"10":{"name":"getIUrl","line":74,"loc":{"start":{"line":74,"column":4},"end":{"line":74,"column":49}}},"11":{"name":"getIHash","line":78,"loc":{"start":{"line":78,"column":4},"end":{"line":78,"column":50}}},"12":{"name":"getFUrl","line":82,"loc":{"start":{"line":82,"column":4},"end":{"line":82,"column":49}}},"13":{"name":"getFHash","line":86,"loc":{"start":{"line":86,"column":4},"end":{"line":86,"column":50}}},"14":{"name":"setup","line":93,"loc":{"start":{"line":93,"column":4},"end":{"line":102,"column":5}}},"15":{"name":"abort","line":126,"loc":{"start":{"line":126,"column":4},"end":{"line":126,"column":26}}},"16":{"name":"complete","line":134,"loc":{"start":{"line":134,"column":4},"end":{"line":134,"column":51}}},"17":{"name":"storeResults","line":148,"loc":{"start":{"line":148,"column":4},"end":{"line":148,"column":57}}},"18":{"name":"payOut","line":161,"loc":{"start":{"line":161,"column":4},"end":{"line":167,"column":5}}},"19":{"name":"bulkPayOut","line":191,"loc":{"start":{"line":191,"column":4},"end":{"line":198,"column":5}}},"20":{"name":"killContract","line":230,"loc":{"start":{"line":230,"column":4},"end":{"line":230,"column":34}}},"21":{"name":"finalizePayouts","line":235,"loc":{"start":{"line":235,"column":4},"end":{"line":235,"column":80}}},"22":{"name":"partialPayout","line":249,"loc":{"start":{"line":249,"column":4},"end":{"line":249,"column":85}}}},"statementMap":{"1":{"start":{"line":35,"column":8},"end":{"line":35,"column":21}},"2":{"start":{"line":36,"column":8},"end":{"line":36,"column":27}},"3":{"start":{"line":37,"column":8},"end":{"line":37,"column":39}},"4":{"start":{"line":38,"column":8},"end":{"line":38,"column":52}},"5":{"start":{"line":42,"column":8},"end":{"line":42,"column":21}},"6":{"start":{"line":46,"column":8},"end":{"line":46,"column":20}},"7":{"start":{"line":50,"column":8},"end":{"line":50,"column":63}},"8":{"start":{"line":54,"column":8},"end":{"line":54,"column":83}},"9":{"start":{"line":55,"column":8},"end":{"line":55,"column":67}},"10":{"start":{"line":59,"column":8},"end":{"line":59,"column":31}},"11":{"start":{"line":63,"column":8},"end":{"line":63,"column":30}},"12":{"start":{"line":67,"column":8},"end":{"line":67,"column":27}},"13":{"start":{"line":71,"column":8},"end":{"line":71,"column":26}},"14":{"start":{"line":75,"column":8},"end":{"line":75,"column":38}},"15":{"start":{"line":79,"column":8},"end":{"line":79,"column":39}},"16":{"start":{"line":83,"column":8},"end":{"line":83,"column":33}},"17":{"start":{"line":87,"column":8},"end":{"line":87,"column":34}},"18":{"start":{"line":103,"column":8},"end":{"line":103,"column":64}},"19":{"start":{"line":104,"column":8},"end":{"line":104,"column":74}},"20":{"start":{"line":105,"column":8},"end":{"line":105,"column":92}},"21":{"start":{"line":106,"column":8},"end":{"line":106,"column":91}},"22":{"start":{"line":107,"column":8},"end":{"line":107,"column":3313}},"23":{"start":{"line":112,"column":8},"end":{"line":112,"column":58}},"24":{"start":{"line":113,"column":8},"end":{"line":113,"column":88}},"25":{"start":{"line":115,"column":8},"end":{"line":115,"column":43}},"26":{"start":{"line":116,"column":8},"end":{"line":116,"column":41}},"27":{"start":{"line":117,"column":8},"end":{"line":117,"column":53}},"28":{"start":{"line":118,"column":8},"end":{"line":118,"column":51}},"29":{"start":{"line":120,"column":8},"end":{"line":120,"column":25}},"30":{"start":{"line":121,"column":8},"end":{"line":121,"column":27}},"31":{"start":{"line":122,"column":8},"end":{"line":122,"column":38}},"32":{"start":{"line":123,"column":8},"end":{"line":123,"column":47}},"33":{"start":{"line":127,"column":8},"end":{"line":127,"column":74}},"34":{"start":{"line":128,"column":8},"end":{"line":128,"column":82}},"35":{"start":{"line":129,"column":8},"end":{"line":129,"column":84}},"36":{"start":{"line":130,"column":8},"end":{"line":130,"column":76}},"37":{"start":{"line":131,"column":8},"end":{"line":131,"column":21}},"38":{"start":{"line":135,"column":8},"end":{"line":135,"column":64}},"39":{"start":{"line":136,"column":8},"end":{"line":136,"column":91}},"40":{"start":{"line":137,"column":8},"end":{"line":137,"column":4673}},"41":{"start":{"line":138,"column":12},"end":{"line":138,"column":23}},"42":{"start":{"line":141,"column":8},"end":{"line":141,"column":4758}},"43":{"start":{"line":142,"column":12},"end":{"line":142,"column":43}},"44":{"start":{"line":143,"column":12},"end":{"line":143,"column":23}},"45":{"start":{"line":145,"column":8},"end":{"line":145,"column":20}},"46":{"start":{"line":149,"column":8},"end":{"line":149,"column":64}},"47":{"start":{"line":150,"column":8},"end":{"line":150,"column":89}},"48":{"start":{"line":151,"column":8},"end":{"line":151,"column":5176}},"49":{"start":{"line":156,"column":8},"end":{"line":156,"column":37}},"50":{"start":{"line":157,"column":8},"end":{"line":157,"column":39}},"51":{"start":{"line":158,"column":8},"end":{"line":158,"column":45}},"52":{"start":{"line":168,"column":8},"end":{"line":168,"column":64}},"53":{"start":{"line":169,"column":8},"end":{"line":169,"column":91}},"54":{"start":{"line":170,"column":8},"end":{"line":170,"column":37}},"55":{"start":{"line":171,"column":8},"end":{"line":171,"column":58}},"56":{"start":{"line":172,"column":8},"end":{"line":172,"column":53}},"57":{"start":{"line":173,"column":8},"end":{"line":173,"column":84}},"58":{"start":{"line":174,"column":8},"end":{"line":174,"column":76}},"59":{"start":{"line":175,"column":8},"end":{"line":175,"column":32}},"60":{"start":{"line":176,"column":8},"end":{"line":176,"column":34}},"61":{"start":{"line":178,"column":8},"end":{"line":178,"column":56}},"62":{"start":{"line":179,"column":8},"end":{"line":179,"column":29}},"63":{"start":{"line":180,"column":8},"end":{"line":180,"column":6334}},"64":{"start":{"line":181,"column":12},"end":{"line":181,"column":6365}},"65":{"start":{"line":182,"column":16},"end":{"line":182,"column":46}},"66":{"start":{"line":184,"column":12},"end":{"line":184,"column":6480}},"67":{"start":{"line":185,"column":16},"end":{"line":185,"column":43}},"68":{"start":{"line":188,"column":8},"end":{"line":188,"column":22}},"69":{"start":{"line":199,"column":8},"end":{"line":199,"column":64}},"70":{"start":{"line":200,"column":8},"end":{"line":200,"column":91}},"71":{"start":{"line":201,"column":8},"end":{"line":201,"column":37}},"72":{"start":{"line":202,"column":8},"end":{"line":202,"column":58}},"73":{"start":{"line":203,"column":8},"end":{"line":203,"column":84}},"74":{"start":{"line":204,"column":8},"end":{"line":204,"column":76}},"75":{"start":{"line":206,"column":8},"end":{"line":206,"column":32}},"76":{"start":{"line":207,"column":8},"end":{"line":207,"column":34}},"77":{"start":{"line":209,"column":8},"end":{"line":209,"column":92}},"78":{"start":{"line":210,"column":8},"end":{"line":210,"column":55}},"79":{"start":{"line":212,"column":8},"end":{"line":212,"column":75}},"80":{"start":{"line":213,"column":8},"end":{"line":213,"column":68}},"81":{"start":{"line":215,"column":8},"end":{"line":215,"column":29}},"82":{"start":{"line":216,"column":8},"end":{"line":216,"column":7762}},"83":{"start":{"line":217,"column":12},"end":{"line":217,"column":54}},"84":{"start":{"line":219,"column":8},"end":{"line":219,"column":7856}},"85":{"start":{"line":220,"column":12},"end":{"line":220,"column":7887}},"86":{"start":{"line":221,"column":16},"end":{"line":221,"column":46}},"87":{"start":{"line":223,"column":12},"end":{"line":223,"column":8002}},"88":{"start":{"line":224,"column":16},"end":{"line":224,"column":43}},"89":{"start":{"line":227,"column":8},"end":{"line":227,"column":22}},"90":{"start":{"line":231,"column":8},"end":{"line":231,"column":40}},"91":{"start":{"line":232,"column":8},"end":{"line":232,"column":29}},"92":{"start":{"line":236,"column":8},"end":{"line":236,"column":38}},"93":{"start":{"line":237,"column":8},"end":{"line":237,"column":37}},"94":{"start":{"line":238,"column":8},"end":{"line":238,"column":8447}},"95":{"start":{"line":239,"column":12},"end":{"line":239,"column":94}},"96":{"start":{"line":240,"column":12},"end":{"line":240,"column":92}},"97":{"start":{"line":241,"column":12},"end":{"line":241,"column":100}},"98":{"start":{"line":242,"column":12},"end":{"line":242,"column":83}},"99":{"start":{"line":243,"column":12},"end":{"line":243,"column":80}},"100":{"start":{"line":246,"column":8},"end":{"line":246,"column":56}},"101":{"start":{"line":250,"column":8},"end":{"line":250,"column":55}},"102":{"start":{"line":251,"column":8},"end":{"line":251,"column":80}},"103":{"start":{"line":252,"column":8},"end":{"line":252,"column":78}},"104":{"start":{"line":253,"column":8},"end":{"line":253,"column":80}},"105":{"start":{"line":257,"column":8},"end":{"line":257,"column":19}}},"branchMap":{"1":{"line":54,"type":"if","locations":[{"start":{"line":54,"column":8},"end":{"line":54,"column":8}},{"start":{"line":54,"column":8},"end":{"line":54,"column":8}}]},"2":{"line":103,"type":"if","locations":[{"start":{"line":103,"column":8},"end":{"line":103,"column":8}},{"start":{"line":103,"column":8},"end":{"line":103,"column":8}}]},"3":{"line":104,"type":"if","locations":[{"start":{"line":104,"column":8},"end":{"line":104,"column":8}},{"start":{"line":104,"column":8},"end":{"line":104,"column":8}}]},"4":{"line":105,"type":"if","locations":[{"start":{"line":105,"column":8},"end":{"line":105,"column":8}},{"start":{"line":105,"column":8},"end":{"line":105,"column":8}}]},"5":{"line":106,"type":"if","locations":[{"start":{"line":106,"column":8},"end":{"line":106,"column":8}},{"start":{"line":106,"column":8},"end":{"line":106,"column":8}}]},"6":{"line":107,"type":"if","locations":[{"start":{"line":107,"column":8},"end":{"line":107,"column":8}},{"start":{"line":107,"column":8},"end":{"line":107,"column":8}}]},"7":{"line":112,"type":"if","locations":[{"start":{"line":112,"column":8},"end":{"line":112,"column":8}},{"start":{"line":112,"column":8},"end":{"line":112,"column":8}}]},"8":{"line":113,"type":"if","locations":[{"start":{"line":113,"column":8},"end":{"line":113,"column":8}},{"start":{"line":113,"column":8},"end":{"line":113,"column":8}}]},"9":{"line":127,"type":"if","locations":[{"start":{"line":127,"column":8},"end":{"line":127,"column":8}},{"start":{"line":127,"column":8},"end":{"line":127,"column":8}}]},"10":{"line":128,"type":"if","locations":[{"start":{"line":128,"column":8},"end":{"line":128,"column":8}},{"start":{"line":128,"column":8},"end":{"line":128,"column":8}}]},"11":{"line":129,"type":"if","locations":[{"start":{"line":129,"column":8},"end":{"line":129,"column":8}},{"start":{"line":129,"column":8},"end":{"line":129,"column":8}}]},"12":{"line":130,"type":"if","locations":[{"start":{"line":130,"column":8},"end":{"line":130,"column":8}},{"start":{"line":130,"column":8},"end":{"line":130,"column":8}}]},"13":{"line":135,"type":"if","locations":[{"start":{"line":135,"column":8},"end":{"line":135,"column":8}},{"start":{"line":135,"column":8},"end":{"line":135,"column":8}}]},"14":{"line":136,"type":"if","locations":[{"start":{"line":136,"column":8},"end":{"line":136,"column":8}},{"start":{"line":136,"column":8},"end":{"line":136,"column":8}}]},"15":{"line":137,"type":"if","locations":[{"start":{"line":137,"column":8},"end":{"line":137,"column":8}},{"start":{"line":137,"column":8},"end":{"line":137,"column":8}}]},"16":{"line":141,"type":"if","locations":[{"start":{"line":141,"column":8},"end":{"line":141,"column":8}},{"start":{"line":141,"column":8},"end":{"line":141,"column":8}}]},"17":{"line":149,"type":"if","locations":[{"start":{"line":149,"column":8},"end":{"line":149,"column":8}},{"start":{"line":149,"column":8},"end":{"line":149,"column":8}}]},"18":{"line":150,"type":"if","locations":[{"start":{"line":150,"column":8},"end":{"line":150,"column":8}},{"start":{"line":150,"column":8},"end":{"line":150,"column":8}}]},"19":{"line":151,"type":"if","locations":[{"start":{"line":151,"column":8},"end":{"line":151,"column":8}},{"start":{"line":151,"column":8},"end":{"line":151,"column":8}}]},"20":{"line":168,"type":"if","locations":[{"start":{"line":168,"column":8},"end":{"line":168,"column":8}},{"start":{"line":168,"column":8},"end":{"line":168,"column":8}}]},"21":{"line":169,"type":"if","locations":[{"start":{"line":169,"column":8},"end":{"line":169,"column":8}},{"start":{"line":169,"column":8},"end":{"line":169,"column":8}}]},"22":{"line":171,"type":"if","locations":[{"start":{"line":171,"column":8},"end":{"line":171,"column":8}},{"start":{"line":171,"column":8},"end":{"line":171,"column":8}}]},"23":{"line":172,"type":"if","locations":[{"start":{"line":172,"column":8},"end":{"line":172,"column":8}},{"start":{"line":172,"column":8},"end":{"line":172,"column":8}}]},"24":{"line":173,"type":"if","locations":[{"start":{"line":173,"column":8},"end":{"line":173,"column":8}},{"start":{"line":173,"column":8},"end":{"line":173,"column":8}}]},"25":{"line":174,"type":"if","locations":[{"start":{"line":174,"column":8},"end":{"line":174,"column":8}},{"start":{"line":174,"column":8},"end":{"line":174,"column":8}}]},"26":{"line":180,"type":"if","locations":[{"start":{"line":180,"column":8},"end":{"line":180,"column":8}},{"start":{"line":180,"column":8},"end":{"line":180,"column":8}}]},"27":{"line":181,"type":"if","locations":[{"start":{"line":181,"column":12},"end":{"line":181,"column":12}},{"start":{"line":181,"column":12},"end":{"line":181,"column":12}}]},"28":{"line":184,"type":"if","locations":[{"start":{"line":184,"column":12},"end":{"line":184,"column":12}},{"start":{"line":184,"column":12},"end":{"line":184,"column":12}}]},"29":{"line":199,"type":"if","locations":[{"start":{"line":199,"column":8},"end":{"line":199,"column":8}},{"start":{"line":199,"column":8},"end":{"line":199,"column":8}}]},"30":{"line":200,"type":"if","locations":[{"start":{"line":200,"column":8},"end":{"line":200,"column":8}},{"start":{"line":200,"column":8},"end":{"line":200,"column":8}}]},"31":{"line":202,"type":"if","locations":[{"start":{"line":202,"column":8},"end":{"line":202,"column":8}},{"start":{"line":202,"column":8},"end":{"line":202,"column":8}}]},"32":{"line":203,"type":"if","locations":[{"start":{"line":203,"column":8},"end":{"line":203,"column":8}},{"start":{"line":203,"column":8},"end":{"line":203,"column":8}}]},"33":{"line":204,"type":"if","locations":[{"start":{"line":204,"column":8},"end":{"line":204,"column":8}},{"start":{"line":204,"column":8},"end":{"line":204,"column":8}}]},"34":{"line":216,"type":"if","locations":[{"start":{"line":216,"column":8},"end":{"line":216,"column":8}},{"start":{"line":216,"column":8},"end":{"line":216,"column":8}}]},"35":{"line":219,"type":"if","locations":[{"start":{"line":219,"column":8},"end":{"line":219,"column":8}},{"start":{"line":219,"column":8},"end":{"line":219,"column":8}}]},"36":{"line":220,"type":"if","locations":[{"start":{"line":220,"column":12},"end":{"line":220,"column":12}},{"start":{"line":220,"column":12},"end":{"line":220,"column":12}}]},"37":{"line":223,"type":"if","locations":[{"start":{"line":223,"column":12},"end":{"line":223,"column":12}},{"start":{"line":223,"column":12},"end":{"line":223,"column":12}}]}}},"contracts/EscrowFactory.sol":{"l":{"10":0,"14":0,"15":0,"16":0,"17":0,"18":0,"22":0,"26":0,"30":0,"34":0},"path":"/Users/Jani/Desktop/hmt-escrow/contracts/EscrowFactory.sol","s":{"1":0,"2":0,"3":0,"4":0,"5":0,"6":0,"7":0,"8":0,"9":0},"b":{},"f":{"1":0,"2":0,"3":0,"4":0,"5":0,"6":0},"fnMap":{"1":{"name":null,"line":9,"loc":{"start":{"line":9,"column":4},"end":{"line":9,"column":36}}},"2":{"name":"createEscrow","line":13,"loc":{"start":{"line":13,"column":4},"end":{"line":13,"column":50}}},"3":{"name":"getCounter","line":21,"loc":{"start":{"line":21,"column":4},"end":{"line":21,"column":50}}},"4":{"name":"getLastAddress","line":25,"loc":{"start":{"line":25,"column":4},"end":{"line":25,"column":57}}},"5":{"name":"getEIP20","line":29,"loc":{"start":{"line":29,"column":4},"end":{"line":29,"column":51}}},"6":{"name":"isChild","line":33,"loc":{"start":{"line":33,"column":4},"end":{"line":33,"column":60}}}},"statementMap":{"1":{"start":{"line":10,"column":8},"end":{"line":10,"column":21}},"2":{"start":{"line":14,"column":8},"end":{"line":14,"column":61}},"3":{"start":{"line":16,"column":8},"end":{"line":16,"column":36}},"4":{"start":{"line":17,"column":8},"end":{"line":17,"column":41}},"5":{"start":{"line":18,"column":8},"end":{"line":18,"column":26}},"6":{"start":{"line":22,"column":8},"end":{"line":22,"column":22}},"7":{"start":{"line":26,"column":8},"end":{"line":26,"column":26}},"8":{"start":{"line":30,"column":8},"end":{"line":30,"column":20}},"9":{"start":{"line":34,"column":8},"end":{"line":34,"column":40}}},"branchMap":{}},"contracts/helpers/SafeMath.sol":{"l":{"16":6,"17":0,"20":6,"21":6,"23":6,"30":6,"31":6,"34":6,"41":21,"42":21,"44":21,"51":54,"52":54,"54":54,"62":0,"63":0},"path":"/Users/Jani/Desktop/hmt-escrow/contracts/helpers/SafeMath.sol","s":{"1":6,"2":0,"3":6,"4":6,"5":6,"6":6,"7":6,"8":6,"9":21,"10":21,"11":21,"12":54,"13":54,"14":54,"15":0,"16":0},"b":{"1":[0,6],"2":[6,0],"3":[6,0],"4":[21,0],"5":[54,0],"6":[0,0]},"f":{"1":6,"2":6,"3":21,"4":54,"5":0},"fnMap":{"1":{"name":"mul","line":12,"loc":{"start":{"line":12,"column":4},"end":{"line":12,"column":68}}},"2":{"name":"div","line":29,"loc":{"start":{"line":29,"column":4},"end":{"line":29,"column":68}}},"3":{"name":"sub","line":40,"loc":{"start":{"line":40,"column":4},"end":{"line":40,"column":68}}},"4":{"name":"add","line":50,"loc":{"start":{"line":50,"column":4},"end":{"line":50,"column":68}}},"5":{"name":"mod","line":61,"loc":{"start":{"line":61,"column":4},"end":{"line":61,"column":68}}}},"statementMap":{"1":{"start":{"line":16,"column":8},"end":{"line":16,"column":514}},"2":{"start":{"line":17,"column":12},"end":{"line":17,"column":20}},"3":{"start":{"line":20,"column":8},"end":{"line":20,"column":24}},"4":{"start":{"line":21,"column":8},"end":{"line":21,"column":26}},"5":{"start":{"line":23,"column":8},"end":{"line":23,"column":16}},"6":{"start":{"line":30,"column":8},"end":{"line":30,"column":21}},"7":{"start":{"line":31,"column":8},"end":{"line":31,"column":24}},"8":{"start":{"line":34,"column":8},"end":{"line":34,"column":16}},"9":{"start":{"line":41,"column":8},"end":{"line":41,"column":22}},"10":{"start":{"line":42,"column":8},"end":{"line":42,"column":24}},"11":{"start":{"line":44,"column":8},"end":{"line":44,"column":16}},"12":{"start":{"line":51,"column":8},"end":{"line":51,"column":24}},"13":{"start":{"line":52,"column":8},"end":{"line":52,"column":22}},"14":{"start":{"line":54,"column":8},"end":{"line":54,"column":16}},"15":{"start":{"line":62,"column":8},"end":{"line":62,"column":22}},"16":{"start":{"line":63,"column":8},"end":{"line":63,"column":20}}},"branchMap":{"1":{"line":16,"type":"if","locations":[{"start":{"line":16,"column":8},"end":{"line":16,"column":8}},{"start":{"line":16,"column":8},"end":{"line":16,"column":8}}]},"2":{"line":21,"type":"if","locations":[{"start":{"line":21,"column":8},"end":{"line":21,"column":8}},{"start":{"line":21,"column":8},"end":{"line":21,"column":8}}]},"3":{"line":30,"type":"if","locations":[{"start":{"line":30,"column":8},"end":{"line":30,"column":8}},{"start":{"line":30,"column":8},"end":{"line":30,"column":8}}]},"4":{"line":41,"type":"if","locations":[{"start":{"line":41,"column":8},"end":{"line":41,"column":8}},{"start":{"line":41,"column":8},"end":{"line":41,"column":8}}]},"5":{"line":52,"type":"if","locations":[{"start":{"line":52,"column":8},"end":{"line":52,"column":8}},{"start":{"line":52,"column":8},"end":{"line":52,"column":8}}]},"6":{"line":62,"type":"if","locations":[{"start":{"line":62,"column":8},"end":{"line":62,"column":8}},{"start":{"line":62,"column":8},"end":{"line":62,"column":8}}]}}},"contracts/HMToken.sol":{"l":{"22":21,"23":21,"24":21,"25":21,"26":21,"30":15,"31":15,"32":15,"36":0,"37":0,"38":0,"40":0,"41":0,"43":0,"44":0,"47":0,"48":0,"52":27,"56":0,"58":0,"59":0,"60":0,"64":0,"66":0,"67":0,"68":0,"70":0,"72":0,"73":0,"77":0,"79":0,"80":0,"81":0,"83":0,"85":0,"86":0,"90":0,"94":0,"95":0,"97":0,"98":0,"99":0,"101":0,"103":0,"104":0,"105":0,"106":0,"107":0,"108":0,"111":0,"112":0,"116":0,"117":0,"119":0,"120":0,"121":0,"123":0,"125":0,"126":0,"127":0,"128":0,"129":0,"130":0,"133":0,"134":0,"139":15,"140":15,"141":15,"143":15,"144":15,"146":15,"147":15},"path":"/Users/Jani/Desktop/hmt-escrow/contracts/HMToken.sol","s":{"1":21,"2":21,"3":21,"4":21,"5":21,"6":15,"7":15,"8":15,"9":0,"10":0,"11":0,"12":0,"13":0,"14":0,"15":0,"16":0,"17":0,"18":27,"19":0,"20":0,"21":0,"22":0,"23":0,"24":0,"25":0,"26":0,"27":0,"28":0,"29":0,"30":0,"31":0,"32":0,"33":0,"34":0,"35":0,"36":0,"37":0,"38":0,"39":0,"40":0,"41":0,"42":0,"43":0,"44":0,"45":0,"46":0,"47":0,"48":0,"49":0,"50":0,"51":0,"52":0,"53":0,"54":0,"55":0,"56":0,"57":0,"58":0,"59":0,"60":0,"61":0,"62":0,"63":0,"64":15,"65":0,"66":15,"67":0,"68":15,"69":0,"70":15,"71":15,"72":15,"73":15},"b":{"1":[15,0],"2":[0,0],"3":[0,0],"4":[0,0],"5":[0,0],"6":[0,0],"7":[0,0],"8":[0,0],"9":[0,0],"10":[0,0],"11":[0,0],"12":[0,0],"13":[0,0],"14":[0,0],"15":[0,0],"16":[0,0],"17":[0,0],"18":[0,15],"19":[0,15],"20":[0,15]},"f":{"1":21,"2":15,"3":0,"4":27,"5":0,"6":0,"7":0,"8":0,"9":0,"10":0,"11":15},"fnMap":{"1":{"name":null,"line":21,"loc":{"start":{"line":21,"column":4},"end":{"line":21,"column":89}}},"2":{"name":"transfer","line":29,"loc":{"start":{"line":29,"column":4},"end":{"line":29,"column":78}}},"3":{"name":"transferFrom","line":35,"loc":{"start":{"line":35,"column":4},"end":{"line":35,"column":100}}},"4":{"name":"balanceOf","line":51,"loc":{"start":{"line":51,"column":4},"end":{"line":51,"column":74}}},"5":{"name":"approve","line":55,"loc":{"start":{"line":55,"column":4},"end":{"line":55,"column":82}}},"6":{"name":"increaseApproval","line":63,"loc":{"start":{"line":63,"column":4},"end":{"line":63,"column":88}}},"7":{"name":"decreaseApproval","line":76,"loc":{"start":{"line":76,"column":4},"end":{"line":76,"column":88}}},"8":{"name":"allowance","line":89,"loc":{"start":{"line":89,"column":4},"end":{"line":89,"column":94}}},"9":{"name":"transferBulk","line":93,"loc":{"start":{"line":93,"column":4},"end":{"line":93,"column":109}}},"10":{"name":"approveBulk","line":115,"loc":{"start":{"line":115,"column":4},"end":{"line":115,"column":113}}},"11":{"name":"transferQuiet","line":138,"loc":{"start":{"line":138,"column":4},"end":{"line":138,"column":85}}}},"statementMap":{"1":{"start":{"line":22,"column":8},"end":{"line":22,"column":62}},"2":{"start":{"line":23,"column":8},"end":{"line":23,"column":19}},"3":{"start":{"line":24,"column":8},"end":{"line":24,"column":27}},"4":{"start":{"line":25,"column":8},"end":{"line":25,"column":23}},"5":{"start":{"line":26,"column":8},"end":{"line":26,"column":41}},"6":{"start":{"line":30,"column":8},"end":{"line":30,"column":43}},"7":{"start":{"line":31,"column":8},"end":{"line":31,"column":50}},"8":{"start":{"line":32,"column":8},"end":{"line":32,"column":22}},"9":{"start":{"line":36,"column":8},"end":{"line":36,"column":57}},"10":{"start":{"line":37,"column":8},"end":{"line":37,"column":108}},"11":{"start":{"line":38,"column":8},"end":{"line":38,"column":79}},"12":{"start":{"line":40,"column":8},"end":{"line":40,"column":58}},"13":{"start":{"line":41,"column":8},"end":{"line":41,"column":48}},"14":{"start":{"line":43,"column":8},"end":{"line":43,"column":1666}},"15":{"start":{"line":44,"column":12},"end":{"line":44,"column":84}},"16":{"start":{"line":47,"column":8},"end":{"line":47,"column":44}},"17":{"start":{"line":48,"column":8},"end":{"line":48,"column":19}},"18":{"start":{"line":52,"column":8},"end":{"line":52,"column":31}},"19":{"start":{"line":56,"column":8},"end":{"line":56,"column":83}},"20":{"start":{"line":58,"column":8},"end":{"line":58,"column":45}},"21":{"start":{"line":59,"column":8},"end":{"line":59,"column":51}},"22":{"start":{"line":60,"column":8},"end":{"line":60,"column":19}},"23":{"start":{"line":64,"column":8},"end":{"line":64,"column":83}},"24":{"start":{"line":66,"column":8},"end":{"line":66,"column":53}},"25":{"start":{"line":67,"column":8},"end":{"line":67,"column":2629}},"26":{"start":{"line":68,"column":12},"end":{"line":68,"column":61}},"27":{"start":{"line":70,"column":12},"end":{"line":70,"column":84}},"28":{"start":{"line":72,"column":8},"end":{"line":72,"column":74}},"29":{"start":{"line":73,"column":8},"end":{"line":73,"column":19}},"30":{"start":{"line":77,"column":8},"end":{"line":77,"column":83}},"31":{"start":{"line":79,"column":8},"end":{"line":79,"column":53}},"32":{"start":{"line":80,"column":8},"end":{"line":80,"column":3263}},"33":{"start":{"line":81,"column":12},"end":{"line":81,"column":44}},"34":{"start":{"line":83,"column":12},"end":{"line":83,"column":84}},"35":{"start":{"line":85,"column":8},"end":{"line":85,"column":74}},"36":{"start":{"line":86,"column":8},"end":{"line":86,"column":19}},"37":{"start":{"line":90,"column":8},"end":{"line":90,"column":40}},"38":{"start":{"line":94,"column":8},"end":{"line":94,"column":92}},"39":{"start":{"line":95,"column":8},"end":{"line":95,"column":67}},"40":{"start":{"line":97,"column":8},"end":{"line":97,"column":29}},"41":{"start":{"line":98,"column":8},"end":{"line":98,"column":4049}},"42":{"start":{"line":99,"column":12},"end":{"line":99,"column":50}},"43":{"start":{"line":101,"column":8},"end":{"line":101,"column":66}},"44":{"start":{"line":103,"column":8},"end":{"line":103,"column":21}},"45":{"start":{"line":105,"column":8},"end":{"line":105,"column":4278}},"46":{"start":{"line":106,"column":12},"end":{"line":106,"column":56}},"47":{"start":{"line":107,"column":12},"end":{"line":107,"column":4394}},"48":{"start":{"line":108,"column":16},"end":{"line":108,"column":45}},"49":{"start":{"line":111,"column":8},"end":{"line":111,"column":44}},"50":{"start":{"line":112,"column":8},"end":{"line":112,"column":25}},"51":{"start":{"line":116,"column":8},"end":{"line":116,"column":95}},"52":{"start":{"line":117,"column":8},"end":{"line":117,"column":70}},"53":{"start":{"line":119,"column":8},"end":{"line":119,"column":29}},"54":{"start":{"line":120,"column":8},"end":{"line":120,"column":4888}},"55":{"start":{"line":121,"column":12},"end":{"line":121,"column":50}},"56":{"start":{"line":123,"column":8},"end":{"line":123,"column":66}},"57":{"start":{"line":125,"column":8},"end":{"line":125,"column":21}},"58":{"start":{"line":127,"column":8},"end":{"line":127,"column":5122}},"59":{"start":{"line":128,"column":12},"end":{"line":128,"column":64}},"60":{"start":{"line":129,"column":12},"end":{"line":129,"column":5251}},"61":{"start":{"line":130,"column":16},"end":{"line":130,"column":45}},"62":{"start":{"line":133,"column":8},"end":{"line":133,"column":44}},"63":{"start":{"line":134,"column":8},"end":{"line":134,"column":25}},"64":{"start":{"line":139,"column":8},"end":{"line":139,"column":43}},"65":{"start":{"line":139,"column":31},"end":{"line":139,"column":43}},"66":{"start":{"line":140,"column":8},"end":{"line":140,"column":46}},"67":{"start":{"line":140,"column":34},"end":{"line":140,"column":46}},"68":{"start":{"line":141,"column":8},"end":{"line":141,"column":55}},"69":{"start":{"line":141,"column":43},"end":{"line":141,"column":55}},"70":{"start":{"line":143,"column":8},"end":{"line":143,"column":62}},"71":{"start":{"line":144,"column":8},"end":{"line":144,"column":48}},"72":{"start":{"line":146,"column":8},"end":{"line":146,"column":46}},"73":{"start":{"line":147,"column":8},"end":{"line":147,"column":19}}},"branchMap":{"1":{"line":31,"type":"if","locations":[{"start":{"line":31,"column":8},"end":{"line":31,"column":8}},{"start":{"line":31,"column":8},"end":{"line":31,"column":8}}]},"2":{"line":37,"type":"if","locations":[{"start":{"line":37,"column":8},"end":{"line":37,"column":8}},{"start":{"line":37,"column":8},"end":{"line":37,"column":8}}]},"3":{"line":38,"type":"if","locations":[{"start":{"line":38,"column":8},"end":{"line":38,"column":8}},{"start":{"line":38,"column":8},"end":{"line":38,"column":8}}]},"4":{"line":43,"type":"if","locations":[{"start":{"line":43,"column":8},"end":{"line":43,"column":8}},{"start":{"line":43,"column":8},"end":{"line":43,"column":8}}]},"5":{"line":56,"type":"if","locations":[{"start":{"line":56,"column":8},"end":{"line":56,"column":8}},{"start":{"line":56,"column":8},"end":{"line":56,"column":8}}]},"6":{"line":64,"type":"if","locations":[{"start":{"line":64,"column":8},"end":{"line":64,"column":8}},{"start":{"line":64,"column":8},"end":{"line":64,"column":8}}]},"7":{"line":67,"type":"if","locations":[{"start":{"line":67,"column":8},"end":{"line":67,"column":8}},{"start":{"line":67,"column":8},"end":{"line":67,"column":8}}]},"8":{"line":77,"type":"if","locations":[{"start":{"line":77,"column":8},"end":{"line":77,"column":8}},{"start":{"line":77,"column":8},"end":{"line":77,"column":8}}]},"9":{"line":80,"type":"if","locations":[{"start":{"line":80,"column":8},"end":{"line":80,"column":8}},{"start":{"line":80,"column":8},"end":{"line":80,"column":8}}]},"10":{"line":94,"type":"if","locations":[{"start":{"line":94,"column":8},"end":{"line":94,"column":8}},{"start":{"line":94,"column":8},"end":{"line":94,"column":8}}]},"11":{"line":95,"type":"if","locations":[{"start":{"line":95,"column":8},"end":{"line":95,"column":8}},{"start":{"line":95,"column":8},"end":{"line":95,"column":8}}]},"12":{"line":101,"type":"if","locations":[{"start":{"line":101,"column":8},"end":{"line":101,"column":8}},{"start":{"line":101,"column":8},"end":{"line":101,"column":8}}]},"13":{"line":107,"type":"if","locations":[{"start":{"line":107,"column":12},"end":{"line":107,"column":12}},{"start":{"line":107,"column":12},"end":{"line":107,"column":12}}]},"14":{"line":116,"type":"if","locations":[{"start":{"line":116,"column":8},"end":{"line":116,"column":8}},{"start":{"line":116,"column":8},"end":{"line":116,"column":8}}]},"15":{"line":117,"type":"if","locations":[{"start":{"line":117,"column":8},"end":{"line":117,"column":8}},{"start":{"line":117,"column":8},"end":{"line":117,"column":8}}]},"16":{"line":123,"type":"if","locations":[{"start":{"line":123,"column":8},"end":{"line":123,"column":8}},{"start":{"line":123,"column":8},"end":{"line":123,"column":8}}]},"17":{"line":129,"type":"if","locations":[{"start":{"line":129,"column":12},"end":{"line":129,"column":12}},{"start":{"line":129,"column":12},"end":{"line":129,"column":12}}]},"18":{"line":139,"type":"if","locations":[{"start":{"line":139,"column":8},"end":{"line":139,"column":8}},{"start":{"line":139,"column":8},"end":{"line":139,"column":8}}]},"19":{"line":140,"type":"if","locations":[{"start":{"line":140,"column":8},"end":{"line":140,"column":8}},{"start":{"line":140,"column":8},"end":{"line":140,"column":8}}]},"20":{"line":141,"type":"if","locations":[{"start":{"line":141,"column":8},"end":{"line":141,"column":8}},{"start":{"line":141,"column":8},"end":{"line":141,"column":8}}]}}},"contracts/HMTokenInterface.sol":{"l":{},"path":"/Users/Jani/Desktop/hmt-escrow/contracts/HMTokenInterface.sol","s":{},"b":{},"f":{},"fnMap":{},"statementMap":{},"branchMap":{}}}