{"contracts/Escrow.sol":{"l":{"34":41,"35":41,"36":41,"37":41,"41":22,"45":1,"49":62,"53":21,"54":21,"58":1,"62":1,"66":1,"70":1,"74":1,"78":1,"82":1,"86":1,"102":27,"103":27,"104":24,"105":24,"106":24,"111":24,"112":23,"114":23,"115":23,"116":23,"117":23,"119":23,"120":23,"121":23,"122":23,"126":2,"127":1,"128":1,"129":1,"130":1,"134":6,"135":5,"136":4,"137":3,"138":2,"139":2,"141":2,"142":2,"143":2,"145":2,"149":7,"150":7,"151":5,"152":0,"155":5,"156":5,"157":5,"159":0,"163":3,"164":3,"165":2,"170":2,"171":2,"172":2,"182":15,"183":15,"184":14,"185":14,"186":12,"187":12,"188":12,"189":12,"190":12,"192":12,"193":12,"194":12,"195":12,"196":11,"198":12,"199":5,"202":12,"213":4,"214":4,"215":4,"216":4,"217":4,"218":4,"220":4,"221":4,"223":4,"224":4,"225":4,"226":4,"227":4,"229":4,"230":4,"231":2,"233":4,"234":4,"235":4,"237":4,"238":2,"241":4,"245":1,"246":1,"250":4,"251":4,"252":4,"253":9,"254":9,"255":9,"256":9,"257":9,"258":9,"260":4,"264":12,"265":12,"266":12,"267":12,"268":12,"269":12,"270":12,"271":12},"path":"/Users/Jani/Desktop/hmt-escrow/contracts/Escrow.sol","s":{"1":41,"2":41,"3":41,"4":41,"5":22,"6":1,"7":62,"8":21,"9":21,"10":1,"11":1,"12":1,"13":1,"14":1,"15":1,"16":1,"17":1,"18":27,"19":27,"20":24,"21":24,"22":24,"23":24,"24":23,"25":23,"26":23,"27":23,"28":23,"29":23,"30":23,"31":23,"32":23,"33":2,"34":1,"35":1,"36":1,"37":1,"38":6,"39":5,"40":4,"41":3,"42":2,"43":2,"44":2,"45":2,"46":2,"47":2,"48":7,"49":7,"50":5,"51":0,"52":5,"53":5,"54":5,"55":0,"56":3,"57":3,"58":2,"59":2,"60":2,"61":2,"62":15,"63":15,"64":14,"65":14,"66":12,"67":12,"68":12,"69":12,"70":12,"71":12,"72":12,"73":12,"74":12,"75":11,"76":12,"77":5,"78":12,"79":4,"80":4,"81":4,"82":4,"83":4,"84":4,"85":4,"86":4,"87":4,"88":4,"89":4,"90":4,"91":4,"92":4,"93":2,"94":4,"95":4,"96":4,"97":4,"98":2,"99":4,"100":1,"101":1,"102":4,"103":4,"104":4,"105":9,"106":9,"107":9,"108":9,"109":9,"110":4,"111":12,"112":12,"113":12,"114":12,"115":12},"b":{"1":[21,0],"2":[27,0],"3":[24,3],"4":[24,0],"5":[24,0],"6":[24,0],"7":[23,1],"8":[23,0],"9":[1,1],"10":[1,0],"11":[1,0],"12":[1,0],"13":[5,1],"14":[4,1],"15":[3,1],"16":[2,1],"17":[2,0],"18":[7,0],"19":[5,2],"20":[0,5],"21":[5,0],"22":[3,0],"23":[2,1],"24":[2,0],"25":[15,0],"26":[14,1],"27":[12,2],"28":[12,0],"29":[12,0],"30":[12,0],"31":[12,0],"32":[11,1],"33":[5,7],"34":[4,0],"35":[4,0],"36":[4,0],"37":[4,0],"38":[4,0],"39":[2,2],"40":[4,0],"41":[4,0],"42":[2,2]},"f":{"1":41,"2":22,"3":1,"4":62,"5":21,"6":1,"7":1,"8":1,"9":1,"10":1,"11":1,"12":1,"13":1,"14":27,"15":2,"16":6,"17":7,"18":3,"19":15,"20":4,"21":1,"22":4,"23":12},"fnMap":{"1":{"name":null,"line":33,"loc":{"start":{"line":33,"column":4},"end":{"line":33,"column":73}}},"2":{"name":"getStatus","line":40,"loc":{"start":{"line":40,"column":4},"end":{"line":40,"column":59}}},"3":{"name":"getTokenAddress","line":44,"loc":{"start":{"line":44,"column":4},"end":{"line":44,"column":58}}},"4":{"name":"getBalance","line":48,"loc":{"start":{"line":48,"column":4},"end":{"line":48,"column":53}}},"5":{"name":"getAddressBalance","line":52,"loc":{"start":{"line":52,"column":4},"end":{"line":52,"column":76}}},"6":{"name":"getReputationOracle","line":57,"loc":{"start":{"line":57,"column":4},"end":{"line":57,"column":62}}},"7":{"name":"getRecordingOracle","line":61,"loc":{"start":{"line":61,"column":4},"end":{"line":61,"column":61}}},"8":{"name":"getHash","line":65,"loc":{"start":{"line":65,"column":4},"end":{"line":65,"column":49}}},"9":{"name":"getUrl","line":69,"loc":{"start":{"line":69,"column":4},"end":{"line":69,"column":48}}},"10":{"name":"getIUrl","line":73,"loc":{"start":{"line":73,"column":4},"end":{"line":73,"column":49}}},"11":{"name":"getIHash","line":77,"loc":{"start":{"line":77,"column":4},"end":{"line":77,"column":50}}},"12":{"name":"getFUrl","line":81,"loc":{"start":{"line":81,"column":4},"end":{"line":81,"column":49}}},"13":{"name":"getFHash","line":85,"loc":{"start":{"line":85,"column":4},"end":{"line":85,"column":50}}},"14":{"name":"setup","line":92,"loc":{"start":{"line":92,"column":4},"end":{"line":101,"column":5}}},"15":{"name":"abort","line":125,"loc":{"start":{"line":125,"column":4},"end":{"line":125,"column":26}}},"16":{"name":"refund","line":133,"loc":{"start":{"line":133,"column":4},"end":{"line":133,"column":41}}},"17":{"name":"complete","line":148,"loc":{"start":{"line":148,"column":4},"end":{"line":148,"column":51}}},"18":{"name":"storeResults","line":162,"loc":{"start":{"line":162,"column":4},"end":{"line":162,"column":57}}},"19":{"name":"payOut","line":175,"loc":{"start":{"line":175,"column":4},"end":{"line":181,"column":5}}},"20":{"name":"bulkPayOut","line":205,"loc":{"start":{"line":205,"column":4},"end":{"line":212,"column":5}}},"21":{"name":"killContract","line":244,"loc":{"start":{"line":244,"column":4},"end":{"line":244,"column":34}}},"22":{"name":"finalizePayouts","line":249,"loc":{"start":{"line":249,"column":4},"end":{"line":249,"column":80}}},"23":{"name":"partialPayout","line":263,"loc":{"start":{"line":263,"column":4},"end":{"line":263,"column":85}}}},"statementMap":{"1":{"start":{"line":34,"column":8},"end":{"line":34,"column":21}},"2":{"start":{"line":35,"column":8},"end":{"line":35,"column":27}},"3":{"start":{"line":36,"column":8},"end":{"line":36,"column":39}},"4":{"start":{"line":37,"column":8},"end":{"line":37,"column":52}},"5":{"start":{"line":41,"column":8},"end":{"line":41,"column":21}},"6":{"start":{"line":45,"column":8},"end":{"line":45,"column":20}},"7":{"start":{"line":49,"column":8},"end":{"line":49,"column":63}},"8":{"start":{"line":53,"column":8},"end":{"line":53,"column":83}},"9":{"start":{"line":54,"column":8},"end":{"line":54,"column":67}},"10":{"start":{"line":58,"column":8},"end":{"line":58,"column":31}},"11":{"start":{"line":62,"column":8},"end":{"line":62,"column":30}},"12":{"start":{"line":66,"column":8},"end":{"line":66,"column":27}},"13":{"start":{"line":70,"column":8},"end":{"line":70,"column":26}},"14":{"start":{"line":74,"column":8},"end":{"line":74,"column":38}},"15":{"start":{"line":78,"column":8},"end":{"line":78,"column":39}},"16":{"start":{"line":82,"column":8},"end":{"line":82,"column":33}},"17":{"start":{"line":86,"column":8},"end":{"line":86,"column":34}},"18":{"start":{"line":102,"column":8},"end":{"line":102,"column":64}},"19":{"start":{"line":103,"column":8},"end":{"line":103,"column":74}},"20":{"start":{"line":104,"column":8},"end":{"line":104,"column":92}},"21":{"start":{"line":105,"column":8},"end":{"line":105,"column":91}},"22":{"start":{"line":106,"column":8},"end":{"line":106,"column":3273}},"23":{"start":{"line":111,"column":8},"end":{"line":111,"column":58}},"24":{"start":{"line":112,"column":8},"end":{"line":112,"column":88}},"25":{"start":{"line":114,"column":8},"end":{"line":114,"column":43}},"26":{"start":{"line":115,"column":8},"end":{"line":115,"column":41}},"27":{"start":{"line":116,"column":8},"end":{"line":116,"column":53}},"28":{"start":{"line":117,"column":8},"end":{"line":117,"column":51}},"29":{"start":{"line":119,"column":8},"end":{"line":119,"column":25}},"30":{"start":{"line":120,"column":8},"end":{"line":120,"column":27}},"31":{"start":{"line":121,"column":8},"end":{"line":121,"column":38}},"32":{"start":{"line":122,"column":8},"end":{"line":122,"column":47}},"33":{"start":{"line":126,"column":8},"end":{"line":126,"column":74}},"34":{"start":{"line":127,"column":8},"end":{"line":127,"column":82}},"35":{"start":{"line":128,"column":8},"end":{"line":128,"column":84}},"36":{"start":{"line":129,"column":8},"end":{"line":129,"column":76}},"37":{"start":{"line":130,"column":8},"end":{"line":130,"column":21}},"38":{"start":{"line":134,"column":8},"end":{"line":134,"column":74}},"39":{"start":{"line":135,"column":8},"end":{"line":135,"column":82}},"40":{"start":{"line":136,"column":8},"end":{"line":136,"column":84}},"41":{"start":{"line":137,"column":8},"end":{"line":137,"column":76}},"42":{"start":{"line":138,"column":8},"end":{"line":138,"column":37}},"43":{"start":{"line":139,"column":8},"end":{"line":139,"column":58}},"44":{"start":{"line":141,"column":8},"end":{"line":141,"column":55}},"45":{"start":{"line":142,"column":8},"end":{"line":142,"column":55}},"46":{"start":{"line":143,"column":8},"end":{"line":143,"column":40}},"47":{"start":{"line":145,"column":8},"end":{"line":145,"column":22}},"48":{"start":{"line":149,"column":8},"end":{"line":149,"column":64}},"49":{"start":{"line":150,"column":8},"end":{"line":150,"column":91}},"50":{"start":{"line":151,"column":8},"end":{"line":151,"column":5300}},"51":{"start":{"line":152,"column":12},"end":{"line":152,"column":23}},"52":{"start":{"line":155,"column":8},"end":{"line":155,"column":5385}},"53":{"start":{"line":156,"column":12},"end":{"line":156,"column":43}},"54":{"start":{"line":157,"column":12},"end":{"line":157,"column":23}},"55":{"start":{"line":159,"column":8},"end":{"line":159,"column":20}},"56":{"start":{"line":163,"column":8},"end":{"line":163,"column":64}},"57":{"start":{"line":164,"column":8},"end":{"line":164,"column":89}},"58":{"start":{"line":165,"column":8},"end":{"line":165,"column":5803}},"59":{"start":{"line":170,"column":8},"end":{"line":170,"column":37}},"60":{"start":{"line":171,"column":8},"end":{"line":171,"column":39}},"61":{"start":{"line":172,"column":8},"end":{"line":172,"column":45}},"62":{"start":{"line":182,"column":8},"end":{"line":182,"column":64}},"63":{"start":{"line":183,"column":8},"end":{"line":183,"column":91}},"64":{"start":{"line":184,"column":8},"end":{"line":184,"column":37}},"65":{"start":{"line":185,"column":8},"end":{"line":185,"column":58}},"66":{"start":{"line":186,"column":8},"end":{"line":186,"column":53}},"67":{"start":{"line":187,"column":8},"end":{"line":187,"column":84}},"68":{"start":{"line":188,"column":8},"end":{"line":188,"column":76}},"69":{"start":{"line":189,"column":8},"end":{"line":189,"column":32}},"70":{"start":{"line":190,"column":8},"end":{"line":190,"column":34}},"71":{"start":{"line":192,"column":8},"end":{"line":192,"column":56}},"72":{"start":{"line":193,"column":8},"end":{"line":193,"column":29}},"73":{"start":{"line":194,"column":8},"end":{"line":194,"column":6961}},"74":{"start":{"line":195,"column":12},"end":{"line":195,"column":6992}},"75":{"start":{"line":196,"column":16},"end":{"line":196,"column":46}},"76":{"start":{"line":198,"column":12},"end":{"line":198,"column":7107}},"77":{"start":{"line":199,"column":16},"end":{"line":199,"column":43}},"78":{"start":{"line":202,"column":8},"end":{"line":202,"column":22}},"79":{"start":{"line":213,"column":8},"end":{"line":213,"column":64}},"80":{"start":{"line":214,"column":8},"end":{"line":214,"column":91}},"81":{"start":{"line":215,"column":8},"end":{"line":215,"column":37}},"82":{"start":{"line":216,"column":8},"end":{"line":216,"column":58}},"83":{"start":{"line":217,"column":8},"end":{"line":217,"column":84}},"84":{"start":{"line":218,"column":8},"end":{"line":218,"column":76}},"85":{"start":{"line":220,"column":8},"end":{"line":220,"column":32}},"86":{"start":{"line":221,"column":8},"end":{"line":221,"column":34}},"87":{"start":{"line":223,"column":8},"end":{"line":223,"column":92}},"88":{"start":{"line":224,"column":8},"end":{"line":224,"column":55}},"89":{"start":{"line":226,"column":8},"end":{"line":226,"column":75}},"90":{"start":{"line":227,"column":8},"end":{"line":227,"column":68}},"91":{"start":{"line":229,"column":8},"end":{"line":229,"column":29}},"92":{"start":{"line":230,"column":8},"end":{"line":230,"column":8389}},"93":{"start":{"line":231,"column":12},"end":{"line":231,"column":54}},"94":{"start":{"line":233,"column":8},"end":{"line":233,"column":8483}},"95":{"start":{"line":234,"column":12},"end":{"line":234,"column":8514}},"96":{"start":{"line":235,"column":16},"end":{"line":235,"column":46}},"97":{"start":{"line":237,"column":12},"end":{"line":237,"column":8629}},"98":{"start":{"line":238,"column":16},"end":{"line":238,"column":43}},"99":{"start":{"line":241,"column":8},"end":{"line":241,"column":22}},"100":{"start":{"line":245,"column":8},"end":{"line":245,"column":40}},"101":{"start":{"line":246,"column":8},"end":{"line":246,"column":29}},"102":{"start":{"line":250,"column":8},"end":{"line":250,"column":38}},"103":{"start":{"line":251,"column":8},"end":{"line":251,"column":37}},"104":{"start":{"line":252,"column":8},"end":{"line":252,"column":9074}},"105":{"start":{"line":253,"column":12},"end":{"line":253,"column":94}},"106":{"start":{"line":254,"column":12},"end":{"line":254,"column":92}},"107":{"start":{"line":255,"column":12},"end":{"line":255,"column":100}},"108":{"start":{"line":256,"column":12},"end":{"line":256,"column":83}},"109":{"start":{"line":257,"column":12},"end":{"line":257,"column":80}},"110":{"start":{"line":260,"column":8},"end":{"line":260,"column":56}},"111":{"start":{"line":264,"column":8},"end":{"line":264,"column":55}},"112":{"start":{"line":265,"column":8},"end":{"line":265,"column":80}},"113":{"start":{"line":266,"column":8},"end":{"line":266,"column":78}},"114":{"start":{"line":267,"column":8},"end":{"line":267,"column":80}},"115":{"start":{"line":271,"column":8},"end":{"line":271,"column":19}}},"branchMap":{"1":{"line":53,"type":"if","locations":[{"start":{"line":53,"column":8},"end":{"line":53,"column":8}},{"start":{"line":53,"column":8},"end":{"line":53,"column":8}}]},"2":{"line":102,"type":"if","locations":[{"start":{"line":102,"column":8},"end":{"line":102,"column":8}},{"start":{"line":102,"column":8},"end":{"line":102,"column":8}}]},"3":{"line":103,"type":"if","locations":[{"start":{"line":103,"column":8},"end":{"line":103,"column":8}},{"start":{"line":103,"column":8},"end":{"line":103,"column":8}}]},"4":{"line":104,"type":"if","locations":[{"start":{"line":104,"column":8},"end":{"line":104,"column":8}},{"start":{"line":104,"column":8},"end":{"line":104,"column":8}}]},"5":{"line":105,"type":"if","locations":[{"start":{"line":105,"column":8},"end":{"line":105,"column":8}},{"start":{"line":105,"column":8},"end":{"line":105,"column":8}}]},"6":{"line":106,"type":"if","locations":[{"start":{"line":106,"column":8},"end":{"line":106,"column":8}},{"start":{"line":106,"column":8},"end":{"line":106,"column":8}}]},"7":{"line":111,"type":"if","locations":[{"start":{"line":111,"column":8},"end":{"line":111,"column":8}},{"start":{"line":111,"column":8},"end":{"line":111,"column":8}}]},"8":{"line":112,"type":"if","locations":[{"start":{"line":112,"column":8},"end":{"line":112,"column":8}},{"start":{"line":112,"column":8},"end":{"line":112,"column":8}}]},"9":{"line":126,"type":"if","locations":[{"start":{"line":126,"column":8},"end":{"line":126,"column":8}},{"start":{"line":126,"column":8},"end":{"line":126,"column":8}}]},"10":{"line":127,"type":"if","locations":[{"start":{"line":127,"column":8},"end":{"line":127,"column":8}},{"start":{"line":127,"column":8},"end":{"line":127,"column":8}}]},"11":{"line":128,"type":"if","locations":[{"start":{"line":128,"column":8},"end":{"line":128,"column":8}},{"start":{"line":128,"column":8},"end":{"line":128,"column":8}}]},"12":{"line":129,"type":"if","locations":[{"start":{"line":129,"column":8},"end":{"line":129,"column":8}},{"start":{"line":129,"column":8},"end":{"line":129,"column":8}}]},"13":{"line":134,"type":"if","locations":[{"start":{"line":134,"column":8},"end":{"line":134,"column":8}},{"start":{"line":134,"column":8},"end":{"line":134,"column":8}}]},"14":{"line":135,"type":"if","locations":[{"start":{"line":135,"column":8},"end":{"line":135,"column":8}},{"start":{"line":135,"column":8},"end":{"line":135,"column":8}}]},"15":{"line":136,"type":"if","locations":[{"start":{"line":136,"column":8},"end":{"line":136,"column":8}},{"start":{"line":136,"column":8},"end":{"line":136,"column":8}}]},"16":{"line":137,"type":"if","locations":[{"start":{"line":137,"column":8},"end":{"line":137,"column":8}},{"start":{"line":137,"column":8},"end":{"line":137,"column":8}}]},"17":{"line":139,"type":"if","locations":[{"start":{"line":139,"column":8},"end":{"line":139,"column":8}},{"start":{"line":139,"column":8},"end":{"line":139,"column":8}}]},"18":{"line":149,"type":"if","locations":[{"start":{"line":149,"column":8},"end":{"line":149,"column":8}},{"start":{"line":149,"column":8},"end":{"line":149,"column":8}}]},"19":{"line":150,"type":"if","locations":[{"start":{"line":150,"column":8},"end":{"line":150,"column":8}},{"start":{"line":150,"column":8},"end":{"line":150,"column":8}}]},"20":{"line":151,"type":"if","locations":[{"start":{"line":151,"column":8},"end":{"line":151,"column":8}},{"start":{"line":151,"column":8},"end":{"line":151,"column":8}}]},"21":{"line":155,"type":"if","locations":[{"start":{"line":155,"column":8},"end":{"line":155,"column":8}},{"start":{"line":155,"column":8},"end":{"line":155,"column":8}}]},"22":{"line":163,"type":"if","locations":[{"start":{"line":163,"column":8},"end":{"line":163,"column":8}},{"start":{"line":163,"column":8},"end":{"line":163,"column":8}}]},"23":{"line":164,"type":"if","locations":[{"start":{"line":164,"column":8},"end":{"line":164,"column":8}},{"start":{"line":164,"column":8},"end":{"line":164,"column":8}}]},"24":{"line":165,"type":"if","locations":[{"start":{"line":165,"column":8},"end":{"line":165,"column":8}},{"start":{"line":165,"column":8},"end":{"line":165,"column":8}}]},"25":{"line":182,"type":"if","locations":[{"start":{"line":182,"column":8},"end":{"line":182,"column":8}},{"start":{"line":182,"column":8},"end":{"line":182,"column":8}}]},"26":{"line":183,"type":"if","locations":[{"start":{"line":183,"column":8},"end":{"line":183,"column":8}},{"start":{"line":183,"column":8},"end":{"line":183,"column":8}}]},"27":{"line":185,"type":"if","locations":[{"start":{"line":185,"column":8},"end":{"line":185,"column":8}},{"start":{"line":185,"column":8},"end":{"line":185,"column":8}}]},"28":{"line":186,"type":"if","locations":[{"start":{"line":186,"column":8},"end":{"line":186,"column":8}},{"start":{"line":186,"column":8},"end":{"line":186,"column":8}}]},"29":{"line":187,"type":"if","locations":[{"start":{"line":187,"column":8},"end":{"line":187,"column":8}},{"start":{"line":187,"column":8},"end":{"line":187,"column":8}}]},"30":{"line":188,"type":"if","locations":[{"start":{"line":188,"column":8},"end":{"line":188,"column":8}},{"start":{"line":188,"column":8},"end":{"line":188,"column":8}}]},"31":{"line":194,"type":"if","locations":[{"start":{"line":194,"column":8},"end":{"line":194,"column":8}},{"start":{"line":194,"column":8},"end":{"line":194,"column":8}}]},"32":{"line":195,"type":"if","locations":[{"start":{"line":195,"column":12},"end":{"line":195,"column":12}},{"start":{"line":195,"column":12},"end":{"line":195,"column":12}}]},"33":{"line":198,"type":"if","locations":[{"start":{"line":198,"column":12},"end":{"line":198,"column":12}},{"start":{"line":198,"column":12},"end":{"line":198,"column":12}}]},"34":{"line":213,"type":"if","locations":[{"start":{"line":213,"column":8},"end":{"line":213,"column":8}},{"start":{"line":213,"column":8},"end":{"line":213,"column":8}}]},"35":{"line":214,"type":"if","locations":[{"start":{"line":214,"column":8},"end":{"line":214,"column":8}},{"start":{"line":214,"column":8},"end":{"line":214,"column":8}}]},"36":{"line":216,"type":"if","locations":[{"start":{"line":216,"column":8},"end":{"line":216,"column":8}},{"start":{"line":216,"column":8},"end":{"line":216,"column":8}}]},"37":{"line":217,"type":"if","locations":[{"start":{"line":217,"column":8},"end":{"line":217,"column":8}},{"start":{"line":217,"column":8},"end":{"line":217,"column":8}}]},"38":{"line":218,"type":"if","locations":[{"start":{"line":218,"column":8},"end":{"line":218,"column":8}},{"start":{"line":218,"column":8},"end":{"line":218,"column":8}}]},"39":{"line":230,"type":"if","locations":[{"start":{"line":230,"column":8},"end":{"line":230,"column":8}},{"start":{"line":230,"column":8},"end":{"line":230,"column":8}}]},"40":{"line":233,"type":"if","locations":[{"start":{"line":233,"column":8},"end":{"line":233,"column":8}},{"start":{"line":233,"column":8},"end":{"line":233,"column":8}}]},"41":{"line":234,"type":"if","locations":[{"start":{"line":234,"column":12},"end":{"line":234,"column":12}},{"start":{"line":234,"column":12},"end":{"line":234,"column":12}}]},"42":{"line":237,"type":"if","locations":[{"start":{"line":237,"column":12},"end":{"line":237,"column":12}},{"start":{"line":237,"column":12},"end":{"line":237,"column":12}}]}}},"contracts/EscrowFactory.sol":{"l":{"11":3,"15":3,"16":3,"17":3,"18":3,"19":3,"23":3,"27":0,"31":1,"35":0},"path":"/Users/Jani/Desktop/hmt-escrow/contracts/EscrowFactory.sol","s":{"1":3,"2":3,"3":3,"4":3,"5":3,"6":3,"7":0,"8":1,"9":0},"b":{},"f":{"1":3,"2":3,"3":3,"4":0,"5":1,"6":0},"fnMap":{"1":{"name":null,"line":10,"loc":{"start":{"line":10,"column":4},"end":{"line":10,"column":36}}},"2":{"name":"createEscrow","line":14,"loc":{"start":{"line":14,"column":4},"end":{"line":14,"column":50}}},"3":{"name":"getCounter","line":22,"loc":{"start":{"line":22,"column":4},"end":{"line":22,"column":50}}},"4":{"name":"getLastAddress","line":26,"loc":{"start":{"line":26,"column":4},"end":{"line":26,"column":57}}},"5":{"name":"getEIP20","line":30,"loc":{"start":{"line":30,"column":4},"end":{"line":30,"column":51}}},"6":{"name":"isChild","line":34,"loc":{"start":{"line":34,"column":4},"end":{"line":34,"column":60}}}},"statementMap":{"1":{"start":{"line":11,"column":8},"end":{"line":11,"column":21}},"2":{"start":{"line":15,"column":8},"end":{"line":15,"column":61}},"3":{"start":{"line":17,"column":8},"end":{"line":17,"column":36}},"4":{"start":{"line":18,"column":8},"end":{"line":18,"column":41}},"5":{"start":{"line":19,"column":8},"end":{"line":19,"column":26}},"6":{"start":{"line":23,"column":8},"end":{"line":23,"column":22}},"7":{"start":{"line":27,"column":8},"end":{"line":27,"column":26}},"8":{"start":{"line":31,"column":8},"end":{"line":31,"column":20}},"9":{"start":{"line":35,"column":8},"end":{"line":35,"column":40}}},"branchMap":{}},"contracts/HMToken.sol":{"l":{"22":41,"23":41,"24":41,"25":41,"26":41,"30":68,"31":68,"32":68,"36":0,"37":0,"38":0,"40":0,"41":0,"43":0,"44":0,"47":0,"48":0,"52":83,"56":0,"58":0,"59":0,"60":0,"64":0,"66":0,"67":0,"68":0,"70":0,"72":0,"73":0,"77":0,"79":0,"80":0,"81":0,"83":0,"85":0,"86":0,"90":0,"94":4,"95":4,"97":4,"98":4,"99":9,"101":4,"103":4,"104":4,"105":4,"106":9,"107":9,"108":9,"111":4,"112":4,"116":0,"117":0,"119":0,"120":0,"121":0,"123":0,"125":0,"126":0,"127":0,"128":0,"129":0,"130":0,"133":0,"134":0,"139":77,"140":77,"141":77,"143":77,"144":77,"146":77,"147":77},"path":"/Users/Jani/Desktop/hmt-escrow/contracts/HMToken.sol","s":{"1":41,"2":41,"3":41,"4":41,"5":41,"6":68,"7":68,"8":68,"9":0,"10":0,"11":0,"12":0,"13":0,"14":0,"15":0,"16":0,"17":0,"18":83,"19":0,"20":0,"21":0,"22":0,"23":0,"24":0,"25":0,"26":0,"27":0,"28":0,"29":0,"30":0,"31":0,"32":0,"33":0,"34":0,"35":0,"36":0,"37":0,"38":4,"39":4,"40":4,"41":4,"42":9,"43":4,"44":4,"45":4,"46":9,"47":9,"48":9,"49":4,"50":4,"51":0,"52":0,"53":0,"54":0,"55":0,"56":0,"57":0,"58":0,"59":0,"60":0,"61":0,"62":0,"63":0,"64":77,"65":0,"66":77,"67":0,"68":77,"69":0,"70":77,"71":77,"72":77,"73":77},"b":{"1":[68,0],"2":[0,0],"3":[0,0],"4":[0,0],"5":[0,0],"6":[0,0],"7":[0,0],"8":[0,0],"9":[0,0],"10":[4,0],"11":[4,0],"12":[4,0],"13":[9,0],"14":[0,0],"15":[0,0],"16":[0,0],"17":[0,0],"18":[0,77],"19":[0,77],"20":[0,77]},"f":{"1":41,"2":68,"3":0,"4":83,"5":0,"6":0,"7":0,"8":0,"9":4,"10":0,"11":77},"fnMap":{"1":{"name":null,"line":21,"loc":{"start":{"line":21,"column":4},"end":{"line":21,"column":89}}},"2":{"name":"transfer","line":29,"loc":{"start":{"line":29,"column":4},"end":{"line":29,"column":78}}},"3":{"name":"transferFrom","line":35,"loc":{"start":{"line":35,"column":4},"end":{"line":35,"column":100}}},"4":{"name":"balanceOf","line":51,"loc":{"start":{"line":51,"column":4},"end":{"line":51,"column":74}}},"5":{"name":"approve","line":55,"loc":{"start":{"line":55,"column":4},"end":{"line":55,"column":82}}},"6":{"name":"increaseApproval","line":63,"loc":{"start":{"line":63,"column":4},"end":{"line":63,"column":88}}},"7":{"name":"decreaseApproval","line":76,"loc":{"start":{"line":76,"column":4},"end":{"line":76,"column":88}}},"8":{"name":"allowance","line":89,"loc":{"start":{"line":89,"column":4},"end":{"line":89,"column":94}}},"9":{"name":"transferBulk","line":93,"loc":{"start":{"line":93,"column":4},"end":{"line":93,"column":109}}},"10":{"name":"approveBulk","line":115,"loc":{"start":{"line":115,"column":4},"end":{"line":115,"column":113}}},"11":{"name":"transferQuiet","line":138,"loc":{"start":{"line":138,"column":4},"end":{"line":138,"column":85}}}},"statementMap":{"1":{"start":{"line":22,"column":8},"end":{"line":22,"column":62}},"2":{"start":{"line":23,"column":8},"end":{"line":23,"column":19}},"3":{"start":{"line":24,"column":8},"end":{"line":24,"column":27}},"4":{"start":{"line":25,"column":8},"end":{"line":25,"column":23}},"5":{"start":{"line":26,"column":8},"end":{"line":26,"column":41}},"6":{"start":{"line":30,"column":8},"end":{"line":30,"column":43}},"7":{"start":{"line":31,"column":8},"end":{"line":31,"column":50}},"8":{"start":{"line":32,"column":8},"end":{"line":32,"column":22}},"9":{"start":{"line":36,"column":8},"end":{"line":36,"column":57}},"10":{"start":{"line":37,"column":8},"end":{"line":37,"column":108}},"11":{"start":{"line":38,"column":8},"end":{"line":38,"column":79}},"12":{"start":{"line":40,"column":8},"end":{"line":40,"column":58}},"13":{"start":{"line":41,"column":8},"end":{"line":41,"column":48}},"14":{"start":{"line":43,"column":8},"end":{"line":43,"column":1658}},"15":{"start":{"line":44,"column":12},"end":{"line":44,"column":84}},"16":{"start":{"line":47,"column":8},"end":{"line":47,"column":44}},"17":{"start":{"line":48,"column":8},"end":{"line":48,"column":19}},"18":{"start":{"line":52,"column":8},"end":{"line":52,"column":31}},"19":{"start":{"line":56,"column":8},"end":{"line":56,"column":83}},"20":{"start":{"line":58,"column":8},"end":{"line":58,"column":45}},"21":{"start":{"line":59,"column":8},"end":{"line":59,"column":51}},"22":{"start":{"line":60,"column":8},"end":{"line":60,"column":19}},"23":{"start":{"line":64,"column":8},"end":{"line":64,"column":83}},"24":{"start":{"line":66,"column":8},"end":{"line":66,"column":53}},"25":{"start":{"line":67,"column":8},"end":{"line":67,"column":2621}},"26":{"start":{"line":68,"column":12},"end":{"line":68,"column":61}},"27":{"start":{"line":70,"column":12},"end":{"line":70,"column":84}},"28":{"start":{"line":72,"column":8},"end":{"line":72,"column":74}},"29":{"start":{"line":73,"column":8},"end":{"line":73,"column":19}},"30":{"start":{"line":77,"column":8},"end":{"line":77,"column":83}},"31":{"start":{"line":79,"column":8},"end":{"line":79,"column":53}},"32":{"start":{"line":80,"column":8},"end":{"line":80,"column":3255}},"33":{"start":{"line":81,"column":12},"end":{"line":81,"column":44}},"34":{"start":{"line":83,"column":12},"end":{"line":83,"column":84}},"35":{"start":{"line":85,"column":8},"end":{"line":85,"column":74}},"36":{"start":{"line":86,"column":8},"end":{"line":86,"column":19}},"37":{"start":{"line":90,"column":8},"end":{"line":90,"column":40}},"38":{"start":{"line":94,"column":8},"end":{"line":94,"column":92}},"39":{"start":{"line":95,"column":8},"end":{"line":95,"column":67}},"40":{"start":{"line":97,"column":8},"end":{"line":97,"column":29}},"41":{"start":{"line":98,"column":8},"end":{"line":98,"column":4041}},"42":{"start":{"line":99,"column":12},"end":{"line":99,"column":50}},"43":{"start":{"line":101,"column":8},"end":{"line":101,"column":66}},"44":{"start":{"line":103,"column":8},"end":{"line":103,"column":21}},"45":{"start":{"line":105,"column":8},"end":{"line":105,"column":4270}},"46":{"start":{"line":106,"column":12},"end":{"line":106,"column":56}},"47":{"start":{"line":107,"column":12},"end":{"line":107,"column":4386}},"48":{"start":{"line":108,"column":16},"end":{"line":108,"column":45}},"49":{"start":{"line":111,"column":8},"end":{"line":111,"column":44}},"50":{"start":{"line":112,"column":8},"end":{"line":112,"column":25}},"51":{"start":{"line":116,"column":8},"end":{"line":116,"column":95}},"52":{"start":{"line":117,"column":8},"end":{"line":117,"column":70}},"53":{"start":{"line":119,"column":8},"end":{"line":119,"column":29}},"54":{"start":{"line":120,"column":8},"end":{"line":120,"column":4880}},"55":{"start":{"line":121,"column":12},"end":{"line":121,"column":50}},"56":{"start":{"line":123,"column":8},"end":{"line":123,"column":66}},"57":{"start":{"line":125,"column":8},"end":{"line":125,"column":21}},"58":{"start":{"line":127,"column":8},"end":{"line":127,"column":5114}},"59":{"start":{"line":128,"column":12},"end":{"line":128,"column":64}},"60":{"start":{"line":129,"column":12},"end":{"line":129,"column":5243}},"61":{"start":{"line":130,"column":16},"end":{"line":130,"column":45}},"62":{"start":{"line":133,"column":8},"end":{"line":133,"column":44}},"63":{"start":{"line":134,"column":8},"end":{"line":134,"column":25}},"64":{"start":{"line":139,"column":8},"end":{"line":139,"column":43}},"65":{"start":{"line":139,"column":31},"end":{"line":139,"column":43}},"66":{"start":{"line":140,"column":8},"end":{"line":140,"column":46}},"67":{"start":{"line":140,"column":34},"end":{"line":140,"column":46}},"68":{"start":{"line":141,"column":8},"end":{"line":141,"column":55}},"69":{"start":{"line":141,"column":43},"end":{"line":141,"column":55}},"70":{"start":{"line":143,"column":8},"end":{"line":143,"column":62}},"71":{"start":{"line":144,"column":8},"end":{"line":144,"column":48}},"72":{"start":{"line":146,"column":8},"end":{"line":146,"column":46}},"73":{"start":{"line":147,"column":8},"end":{"line":147,"column":19}}},"branchMap":{"1":{"line":31,"type":"if","locations":[{"start":{"line":31,"column":8},"end":{"line":31,"column":8}},{"start":{"line":31,"column":8},"end":{"line":31,"column":8}}]},"2":{"line":37,"type":"if","locations":[{"start":{"line":37,"column":8},"end":{"line":37,"column":8}},{"start":{"line":37,"column":8},"end":{"line":37,"column":8}}]},"3":{"line":38,"type":"if","locations":[{"start":{"line":38,"column":8},"end":{"line":38,"column":8}},{"start":{"line":38,"column":8},"end":{"line":38,"column":8}}]},"4":{"line":43,"type":"if","locations":[{"start":{"line":43,"column":8},"end":{"line":43,"column":8}},{"start":{"line":43,"column":8},"end":{"line":43,"column":8}}]},"5":{"line":56,"type":"if","locations":[{"start":{"line":56,"column":8},"end":{"line":56,"column":8}},{"start":{"line":56,"column":8},"end":{"line":56,"column":8}}]},"6":{"line":64,"type":"if","locations":[{"start":{"line":64,"column":8},"end":{"line":64,"column":8}},{"start":{"line":64,"column":8},"end":{"line":64,"column":8}}]},"7":{"line":67,"type":"if","locations":[{"start":{"line":67,"column":8},"end":{"line":67,"column":8}},{"start":{"line":67,"column":8},"end":{"line":67,"column":8}}]},"8":{"line":77,"type":"if","locations":[{"start":{"line":77,"column":8},"end":{"line":77,"column":8}},{"start":{"line":77,"column":8},"end":{"line":77,"column":8}}]},"9":{"line":80,"type":"if","locations":[{"start":{"line":80,"column":8},"end":{"line":80,"column":8}},{"start":{"line":80,"column":8},"end":{"line":80,"column":8}}]},"10":{"line":94,"type":"if","locations":[{"start":{"line":94,"column":8},"end":{"line":94,"column":8}},{"start":{"line":94,"column":8},"end":{"line":94,"column":8}}]},"11":{"line":95,"type":"if","locations":[{"start":{"line":95,"column":8},"end":{"line":95,"column":8}},{"start":{"line":95,"column":8},"end":{"line":95,"column":8}}]},"12":{"line":101,"type":"if","locations":[{"start":{"line":101,"column":8},"end":{"line":101,"column":8}},{"start":{"line":101,"column":8},"end":{"line":101,"column":8}}]},"13":{"line":107,"type":"if","locations":[{"start":{"line":107,"column":12},"end":{"line":107,"column":12}},{"start":{"line":107,"column":12},"end":{"line":107,"column":12}}]},"14":{"line":116,"type":"if","locations":[{"start":{"line":116,"column":8},"end":{"line":116,"column":8}},{"start":{"line":116,"column":8},"end":{"line":116,"column":8}}]},"15":{"line":117,"type":"if","locations":[{"start":{"line":117,"column":8},"end":{"line":117,"column":8}},{"start":{"line":117,"column":8},"end":{"line":117,"column":8}}]},"16":{"line":123,"type":"if","locations":[{"start":{"line":123,"column":8},"end":{"line":123,"column":8}},{"start":{"line":123,"column":8},"end":{"line":123,"column":8}}]},"17":{"line":129,"type":"if","locations":[{"start":{"line":129,"column":12},"end":{"line":129,"column":12}},{"start":{"line":129,"column":12},"end":{"line":129,"column":12}}]},"18":{"line":139,"type":"if","locations":[{"start":{"line":139,"column":8},"end":{"line":139,"column":8}},{"start":{"line":139,"column":8},"end":{"line":139,"column":8}}]},"19":{"line":140,"type":"if","locations":[{"start":{"line":140,"column":8},"end":{"line":140,"column":8}},{"start":{"line":140,"column":8},"end":{"line":140,"column":8}}]},"20":{"line":141,"type":"if","locations":[{"start":{"line":141,"column":8},"end":{"line":141,"column":8}},{"start":{"line":141,"column":8},"end":{"line":141,"column":8}}]}}},"contracts/HMTokenInterface.sol":{"l":{},"path":"/Users/Jani/Desktop/hmt-escrow/contracts/HMTokenInterface.sol","s":{},"b":{},"f":{},"fnMap":{},"statementMap":{},"branchMap":{}},"contracts/SafeMath.sol":{"l":{"16":42,"17":0,"20":42,"21":42,"23":42,"30":42,"31":42,"34":42,"41":119,"42":119,"44":119,"51":202,"52":202,"54":202,"62":0,"63":0},"path":"/Users/Jani/Desktop/hmt-escrow/contracts/SafeMath.sol","s":{"1":42,"2":0,"3":42,"4":42,"5":42,"6":42,"7":42,"8":42,"9":119,"10":119,"11":119,"12":202,"13":202,"14":202,"15":0,"16":0},"b":{"1":[0,42],"2":[42,0],"3":[42,0],"4":[119,0],"5":[202,0],"6":[0,0]},"f":{"1":42,"2":42,"3":119,"4":202,"5":0},"fnMap":{"1":{"name":"mul","line":12,"loc":{"start":{"line":12,"column":4},"end":{"line":12,"column":68}}},"2":{"name":"div","line":29,"loc":{"start":{"line":29,"column":4},"end":{"line":29,"column":68}}},"3":{"name":"sub","line":40,"loc":{"start":{"line":40,"column":4},"end":{"line":40,"column":68}}},"4":{"name":"add","line":50,"loc":{"start":{"line":50,"column":4},"end":{"line":50,"column":68}}},"5":{"name":"mod","line":61,"loc":{"start":{"line":61,"column":4},"end":{"line":61,"column":68}}}},"statementMap":{"1":{"start":{"line":16,"column":8},"end":{"line":16,"column":514}},"2":{"start":{"line":17,"column":12},"end":{"line":17,"column":20}},"3":{"start":{"line":20,"column":8},"end":{"line":20,"column":24}},"4":{"start":{"line":21,"column":8},"end":{"line":21,"column":26}},"5":{"start":{"line":23,"column":8},"end":{"line":23,"column":16}},"6":{"start":{"line":30,"column":8},"end":{"line":30,"column":21}},"7":{"start":{"line":31,"column":8},"end":{"line":31,"column":24}},"8":{"start":{"line":34,"column":8},"end":{"line":34,"column":16}},"9":{"start":{"line":41,"column":8},"end":{"line":41,"column":22}},"10":{"start":{"line":42,"column":8},"end":{"line":42,"column":24}},"11":{"start":{"line":44,"column":8},"end":{"line":44,"column":16}},"12":{"start":{"line":51,"column":8},"end":{"line":51,"column":24}},"13":{"start":{"line":52,"column":8},"end":{"line":52,"column":22}},"14":{"start":{"line":54,"column":8},"end":{"line":54,"column":16}},"15":{"start":{"line":62,"column":8},"end":{"line":62,"column":22}},"16":{"start":{"line":63,"column":8},"end":{"line":63,"column":20}}},"branchMap":{"1":{"line":16,"type":"if","locations":[{"start":{"line":16,"column":8},"end":{"line":16,"column":8}},{"start":{"line":16,"column":8},"end":{"line":16,"column":8}}]},"2":{"line":21,"type":"if","locations":[{"start":{"line":21,"column":8},"end":{"line":21,"column":8}},{"start":{"line":21,"column":8},"end":{"line":21,"column":8}}]},"3":{"line":30,"type":"if","locations":[{"start":{"line":30,"column":8},"end":{"line":30,"column":8}},{"start":{"line":30,"column":8},"end":{"line":30,"column":8}}]},"4":{"line":41,"type":"if","locations":[{"start":{"line":41,"column":8},"end":{"line":41,"column":8}},{"start":{"line":41,"column":8},"end":{"line":41,"column":8}}]},"5":{"line":52,"type":"if","locations":[{"start":{"line":52,"column":8},"end":{"line":52,"column":8}},{"start":{"line":52,"column":8},"end":{"line":52,"column":8}}]},"6":{"line":62,"type":"if","locations":[{"start":{"line":62,"column":8},"end":{"line":62,"column":8}},{"start":{"line":62,"column":8},"end":{"line":62,"column":8}}]}}}}