TN:
SF:/Users/Jani/Desktop/hmt-escrow/contracts/Escrow.sol
FN:34,
FN:41,getStatus
FN:45,getTokenAddress
FN:49,getBalance
FN:53,getAddressBalance
FN:58,getReputationOracle
FN:62,getRecordingOracle
FN:66,getHash
FN:70,getUrl
FN:74,getIUrl
FN:78,getIHash
FN:82,getFUrl
FN:86,getFHash
FN:93,setup
FN:126,abort
FN:134,complete
FN:148,storeResults
FN:161,payOut
FN:191,bulkPayOut
FN:230,killContract
FN:235,finalizePayouts
FN:249,partialPayout
FNF:22
FNH:17
FNDA:21,
FNDA:2,getStatus
FNDA:0,getTokenAddress
FNDA:18,getBalance
FNDA:9,getAddressBalance
FNDA:1,getReputationOracle
FNDA:1,getRecordingOracle
FNDA:1,getHash
FNDA:1,getUrl
FNDA:1,getIUrl
FNDA:1,getIHash
FNDA:0,getFUrl
FNDA:0,getFHash
FNDA:12,setup
FNDA:2,abort
FNDA:2,complete
FNDA:3,storeResults
FNDA:5,payOut
FNDA:0,bulkPayOut
FNDA:1,killContract
FNDA:0,finalizePayouts
FNDA:3,partialPayout
DA:35,21
DA:36,21
DA:37,21
DA:38,21
DA:42,2
DA:46,0
DA:50,18
DA:54,9
DA:55,9
DA:59,1
DA:63,1
DA:67,1
DA:71,1
DA:75,1
DA:79,1
DA:83,0
DA:87,0
DA:103,12
DA:104,12
DA:105,9
DA:106,9
DA:107,9
DA:112,9
DA:113,8
DA:115,8
DA:116,8
DA:117,8
DA:118,8
DA:120,8
DA:121,8
DA:122,8
DA:123,8
DA:127,2
DA:128,1
DA:129,1
DA:130,1
DA:131,1
DA:135,2
DA:136,2
DA:137,0
DA:138,0
DA:141,0
DA:142,0
DA:143,0
DA:145,0
DA:149,3
DA:150,3
DA:151,2
DA:156,2
DA:157,2
DA:158,2
DA:168,5
DA:169,5
DA:170,4
DA:171,4
DA:172,3
DA:173,3
DA:174,3
DA:175,3
DA:176,3
DA:178,3
DA:179,3
DA:180,3
DA:181,3
DA:182,3
DA:184,3
DA:185,0
DA:188,3
DA:199,0
DA:200,0
DA:201,0
DA:202,0
DA:203,0
DA:204,0
DA:206,0
DA:207,0
DA:209,0
DA:210,0
DA:211,0
DA:212,0
DA:213,0
DA:215,0
DA:216,0
DA:217,0
DA:219,0
DA:220,0
DA:221,0
DA:223,0
DA:224,0
DA:227,0
DA:231,1
DA:232,1
DA:236,0
DA:237,0
DA:238,0
DA:239,0
DA:240,0
DA:241,0
DA:242,0
DA:243,0
DA:244,0
DA:246,0
DA:250,3
DA:251,3
DA:252,3
DA:253,3
DA:254,3
DA:255,3
DA:256,3
DA:257,3
LF:110
LH:68
BRDA:54,1,0,9
BRDA:54,1,1,0
BRDA:103,2,0,12
BRDA:103,2,1,0
BRDA:104,3,0,9
BRDA:104,3,1,3
BRDA:105,4,0,9
BRDA:105,4,1,0
BRDA:106,5,0,9
BRDA:106,5,1,0
BRDA:107,6,0,9
BRDA:107,6,1,0
BRDA:112,7,0,8
BRDA:112,7,1,1
BRDA:113,8,0,8
BRDA:113,8,1,0
BRDA:127,9,0,1
BRDA:127,9,1,1
BRDA:128,10,0,1
BRDA:128,10,1,0
BRDA:129,11,0,1
BRDA:129,11,1,0
BRDA:130,12,0,1
BRDA:130,12,1,0
BRDA:135,13,0,2
BRDA:135,13,1,0
BRDA:136,14,0,0
BRDA:136,14,1,2
BRDA:137,15,0,0
BRDA:137,15,1,0
BRDA:141,16,0,0
BRDA:141,16,1,0
BRDA:149,17,0,3
BRDA:149,17,1,0
BRDA:150,18,0,2
BRDA:150,18,1,1
BRDA:151,19,0,2
BRDA:151,19,1,0
BRDA:168,20,0,5
BRDA:168,20,1,0
BRDA:169,21,0,4
BRDA:169,21,1,1
BRDA:171,22,0,3
BRDA:171,22,1,1
BRDA:172,23,0,3
BRDA:172,23,1,0
BRDA:173,24,0,3
BRDA:173,24,1,0
BRDA:174,25,0,3
BRDA:174,25,1,0
BRDA:180,26,0,3
BRDA:180,26,1,0
BRDA:181,27,0,3
BRDA:181,27,1,0
BRDA:184,28,0,0
BRDA:184,28,1,3
BRDA:199,29,0,0
BRDA:199,29,1,0
BRDA:200,30,0,0
BRDA:200,30,1,0
BRDA:202,31,0,0
BRDA:202,31,1,0
BRDA:203,32,0,0
BRDA:203,32,1,0
BRDA:204,33,0,0
BRDA:204,33,1,0
BRDA:216,34,0,0
BRDA:216,34,1,0
BRDA:219,35,0,0
BRDA:219,35,1,0
BRDA:220,36,0,0
BRDA:220,36,1,0
BRDA:223,37,0,0
BRDA:223,37,1,0
BRF:74
BRH:32
end_of_record
TN:
SF:/Users/Jani/Desktop/hmt-escrow/contracts/EscrowFactory.sol
FN:9,
FN:13,createEscrow
FN:21,getCounter
FN:25,getLastAddress
FN:29,getEIP20
FN:33,isChild
FNF:6
FNH:0
FNDA:0,
FNDA:0,createEscrow
FNDA:0,getCounter
FNDA:0,getLastAddress
FNDA:0,getEIP20
FNDA:0,isChild
DA:10,0
DA:14,0
DA:15,0
DA:16,0
DA:17,0
DA:18,0
DA:22,0
DA:26,0
DA:30,0
DA:34,0
LF:10
LH:0
BRF:0
BRH:0
end_of_record
TN:
SF:/Users/Jani/Desktop/hmt-escrow/contracts/helpers/SafeMath.sol
FN:12,mul
FN:29,div
FN:40,sub
FN:50,add
FN:61,mod
FNF:5
FNH:4
FNDA:6,mul
FNDA:6,div
FNDA:21,sub
FNDA:54,add
FNDA:0,mod
DA:16,6
DA:17,0
DA:20,6
DA:21,6
DA:23,6
DA:30,6
DA:31,6
DA:34,6
DA:41,21
DA:42,21
DA:44,21
DA:51,54
DA:52,54
DA:54,54
DA:62,0
DA:63,0
LF:16
LH:13
BRDA:16,1,0,0
BRDA:16,1,1,6
BRDA:21,2,0,6
BRDA:21,2,1,0
BRDA:30,3,0,6
BRDA:30,3,1,0
BRDA:41,4,0,21
BRDA:41,4,1,0
BRDA:52,5,0,54
BRDA:52,5,1,0
BRDA:62,6,0,0
BRDA:62,6,1,0
BRF:12
BRH:5
end_of_record
TN:
SF:/Users/Jani/Desktop/hmt-escrow/contracts/HMToken.sol
FN:21,
FN:29,transfer
FN:35,transferFrom
FN:51,balanceOf
FN:55,approve
FN:63,increaseApproval
FN:76,decreaseApproval
FN:89,allowance
FN:93,transferBulk
FN:115,approveBulk
FN:138,transferQuiet
FNF:11
FNH:4
FNDA:21,
FNDA:15,transfer
FNDA:0,transferFrom
FNDA:27,balanceOf
FNDA:0,approve
FNDA:0,increaseApproval
FNDA:0,decreaseApproval
FNDA:0,allowance
FNDA:0,transferBulk
FNDA:0,approveBulk
FNDA:15,transferQuiet
DA:22,21
DA:23,21
DA:24,21
DA:25,21
DA:26,21
DA:30,15
DA:31,15
DA:32,15
DA:36,0
DA:37,0
DA:38,0
DA:40,0
DA:41,0
DA:43,0
DA:44,0
DA:47,0
DA:48,0
DA:52,27
DA:56,0
DA:58,0
DA:59,0
DA:60,0
DA:64,0
DA:66,0
DA:67,0
DA:68,0
DA:70,0
DA:72,0
DA:73,0
DA:77,0
DA:79,0
DA:80,0
DA:81,0
DA:83,0
DA:85,0
DA:86,0
DA:90,0
DA:94,0
DA:95,0
DA:97,0
DA:98,0
DA:99,0
DA:101,0
DA:103,0
DA:104,0
DA:105,0
DA:106,0
DA:107,0
DA:108,0
DA:111,0
DA:112,0
DA:116,0
DA:117,0
DA:119,0
DA:120,0
DA:121,0
DA:123,0
DA:125,0
DA:126,0
DA:127,0
DA:128,0
DA:129,0
DA:130,0
DA:133,0
DA:134,0
DA:139,15
DA:140,15
DA:141,15
DA:143,15
DA:144,15
DA:146,15
DA:147,15
LF:72
LH:16
BRDA:31,1,0,15
BRDA:31,1,1,0
BRDA:37,2,0,0
BRDA:37,2,1,0
BRDA:38,3,0,0
BRDA:38,3,1,0
BRDA:43,4,0,0
BRDA:43,4,1,0
BRDA:56,5,0,0
BRDA:56,5,1,0
BRDA:64,6,0,0
BRDA:64,6,1,0
BRDA:67,7,0,0
BRDA:67,7,1,0
BRDA:77,8,0,0
BRDA:77,8,1,0
BRDA:80,9,0,0
BRDA:80,9,1,0
BRDA:94,10,0,0
BRDA:94,10,1,0
BRDA:95,11,0,0
BRDA:95,11,1,0
BRDA:101,12,0,0
BRDA:101,12,1,0
BRDA:107,13,0,0
BRDA:107,13,1,0
BRDA:116,14,0,0
BRDA:116,14,1,0
BRDA:117,15,0,0
BRDA:117,15,1,0
BRDA:123,16,0,0
BRDA:123,16,1,0
BRDA:129,17,0,0
BRDA:129,17,1,0
BRDA:139,18,0,0
BRDA:139,18,1,15
BRDA:140,19,0,0
BRDA:140,19,1,15
BRDA:141,20,0,0
BRDA:141,20,1,15
BRF:40
BRH:4
end_of_record
TN:
SF:/Users/Jani/Desktop/hmt-escrow/contracts/HMTokenInterface.sol
FNF:0
FNH:0
LF:0
LH:0
BRF:0
BRH:0
end_of_record
